[2022-07-12T11:28:36+08:00] "GET /auth/login" 404 149 - 3.382 ms
[2022-07-12T11:28:42+08:00] "POST /auth/login" 500 82 - 181.663 ms
[2022-07-18T08:55:34+08:00] "POST /api/v1/organization/new" 404 163 - 3.216 ms
[2022-07-18T08:56:20+08:00] "POST /api/v1/organizations/new" 404 164 - 0.914 ms
[2022-07-18T08:57:54+08:00] "POST /api/v1/organizations/new" 404 164 - 3.402 ms
[2022-07-18T08:58:47+08:00] "POST /api/v1/organizations/new" 404 164 - 3.379 ms
[2022-07-18T08:59:05+08:00] "POST /api/v1/organizations/new" 404 164 - 0.763 ms
[2022-07-18T08:59:57+08:00] "POST /api/v1/organizations/new" 400 93 - 35.661 ms
[2022-07-18T09:00:21+08:00] "POST /api/v1/organizations/new" 500 76 - 12.626 ms
[2022-07-18T09:01:17+08:00] "POST /api/v1/organizations/new" 500 76 - 7.852 ms
[2022-07-18T09:01:25+08:00] "POST /api/v1/organizations/new" 500 76 - 80.296 ms
[2022-07-18T09:08:10+08:00] "POST /api/v1/organizations/new" 201 343 - 377.990 ms
[2022-07-18T10:12:04+08:00] "GET /api/v1/organizations" 200 328 - 361.721 ms
[2022-07-18T10:12:18+08:00] "GET /api/v1/organizations" 200 328 - 56.571 ms
[2022-07-18T10:13:08+08:00] "POST /auth/create/admin" 404 157 - 2.099 ms
[2022-07-18T10:13:39+08:00] "POST /auth/create/admin" 404 157 - 3.982 ms
[2022-07-18T10:14:29+08:00] "GET /auth/create/admin" 404 156 - 1.655 ms
[2022-07-18T10:14:41+08:00] "POST /auth/create/admin" 404 157 - 0.339 ms
[2022-07-18T10:18:58+08:00] "POST /auth/create/admin" 404 157 - 6.482 ms
[2022-07-18T10:19:08+08:00] "POST /auth/create/admin" 404 157 - 6.237 ms
[2022-07-18T10:19:22+08:00] "POST /auth/create/admin" 404 157 - 1.406 ms
[2022-07-18T10:21:57+08:00] "POST /auth/create/admin" 400 80 - 79.137 ms
[2022-07-18T10:28:23+08:00] "POST /auth/create/admin" 400 80 - 25.623 ms
[2022-07-18T10:32:42+08:00] "POST /auth/create/admin" 400 80 - 33.783 ms
[2022-07-18T10:41:05+08:00] "POST /auth/create/admin" 400 80 - 20.546 ms
[2022-07-18T10:46:58+08:00] "POST /auth/create/admin" 400 80 - 708.593 ms
[2022-07-18T10:49:29+08:00] "POST /auth/create/admin" 400 80 - 508.144 ms
[2022-07-18T10:59:21+08:00] "GET /api/v1/passphrase" 404 156 - 9.974 ms
[2022-07-18T10:59:58+08:00] "GET /api/v1/passphrase" 200 88 - 414.647 ms
[2022-07-18T11:00:03+08:00] "GET /api/v1/passphrase" 200 88 - 337.464 ms
[2022-07-18T11:02:27+08:00] "GET /api/v1/passphrase" 200 88 - 405.538 ms
[2022-07-18T11:09:23+08:00] "GET /api/v1/passphrase" 200 88 - 362.376 ms
[2022-07-18T11:12:44+08:00] "POST /auth/create/admin" 400 80 - 529.465 ms
[2022-07-18T11:13:33+08:00] "POST /auth/create/admin" 400 80 - 485.130 ms
[2022-07-18T11:22:34+08:00] "POST /auth/create/admin" 201 362 - 1503.256 ms
[2022-07-18T11:29:09+08:00] "POST /auth/create/admin" 201 371 - 1397.622 ms
[2022-07-18T11:29:40+08:00] "POST /auth/create/admin" - - - - ms
[2022-07-18T11:29:41+08:00] "POST /auth/create/admin" 400 80 - 356.530 ms
[2022-07-18T11:31:19+08:00] "POST /auth/create/admin" 201 371 - 1425.565 ms
[2022-07-18T11:39:14+08:00] "POST /auth/create/admin" 400 77 - 1303.507 ms
[2022-07-18T11:40:00+08:00] "POST /auth/create/admin" 400 77 - 1294.721 ms
[2022-07-18T11:42:27+08:00] "POST /auth/create/admin" 201 658 - 1376.960 ms
[2022-07-18T11:43:17+08:00] "POST /auth/create/admin" 201 712 - 1203.004 ms
[2022-07-18T11:44:17+08:00] "POST /auth/create/admin" 201 362 - 1414.657 ms
[2022-07-18T11:47:57+08:00] "POST /auth/create/admin" 201 362 - 1250.643 ms
[2022-07-18T11:55:09+08:00] "POST /auth/create/admin" 201 362 - 1310.088 ms
[2022-07-18T12:00:16+08:00] "POST /auth/create/admin" 201 1139 - 1323.089 ms
[2022-07-18T12:01:59+08:00] "POST /auth/create/admin" 201 415 - 1449.077 ms
[2022-07-18T12:14:07+08:00] "POST /auth/login/admin" 400 72 - 14.508 ms
[2022-07-18T12:14:20+08:00] "POST /auth/login/admin" 400 72 - 13.757 ms
[2022-07-18T12:15:00+08:00] "POST /auth/login/admin" 400 72 - 13.454 ms
[2022-07-18T12:16:32+08:00] "POST /auth/login/admin" 400 72 - 14.571 ms
[2022-07-18T12:16:58+08:00] "POST /auth/login/admin" 400 72 - 18.566 ms
[2022-07-18T12:21:30+08:00] "POST /auth/create/admin" 201 415 - 1388.624 ms
